<?xml version="1.0" encoding="UTF-8"?>
<testng-results skipped="0" failed="0" total="1" passed="1">
  <reporter-output>
  </reporter-output>
  <suite name="First Suite" duration-ms="38335" started-at="2015-06-13T04:55:59Z" finished-at="2015-06-13T04:56:37Z">
    <groups>
    </groups>
    <test name="First Test" duration-ms="38335" started-at="2015-06-13T04:55:59Z" finished-at="2015-06-13T04:56:37Z">
      <class name="com.deep.testCase.Mail">
        <test-method status="PASS" signature="loadConfig()[pri:0, instance:com.deep.testCase.Mail@11531931]" name="loadConfig" is-config="true" duration-ms="15968" started-at="2015-06-13T10:25:59Z" finished-at="2015-06-13T10:26:15Z">
          <reporter-output>
          </reporter-output>
        </test-method> <!-- loadConfig -->
        <test-method status="PASS" signature="loginmail()[pri:0, instance:com.deep.testCase.Mail@11531931]" name="loginmail" duration-ms="22287" started-at="2015-06-13T10:26:15Z" finished-at="2015-06-13T10:26:37Z">
          <reporter-output>
          </reporter-output>
        </test-method> <!-- loginmail -->
      </class> <!-- com.deep.testCase.Mail -->
    </test> <!-- First Test -->
  </suite> <!-- First Suite -->
</testng-results>
