<?xml version="1.0" encoding="UTF-8"?>
<testng-results skipped="0" failed="0" total="1" passed="1">
  <reporter-output>
  </reporter-output>
  <suite name="Command line suite" duration-ms="17030" started-at="2015-08-12T09:55:37Z" finished-at="2015-08-12T09:55:54Z">
    <groups>
    </groups>
    <test name="Command line test" duration-ms="17030" started-at="2015-08-12T09:55:37Z" finished-at="2015-08-12T09:55:54Z">
      <class name="com.deep.testCase.LoginFb">
        <test-method status="PASS" signature="loadConfig()[pri:0, instance:com.deep.testCase.LoginFb@42b28ff1]" name="loadConfig" is-config="true" duration-ms="4615" started-at="2015-08-12T15:25:37Z" finished-at="2015-08-12T15:25:41Z">
          <reporter-output>
          </reporter-output>
        </test-method> <!-- loadConfig -->
        <test-method status="PASS" signature="loginmail()[pri:0, instance:com.deep.testCase.LoginFb@42b28ff1]" name="loginmail" duration-ms="12411" started-at="2015-08-12T15:25:41Z" finished-at="2015-08-12T15:25:54Z">
          <reporter-output>
          </reporter-output>
        </test-method> <!-- loginmail -->
      </class> <!-- com.deep.testCase.LoginFb -->
    </test> <!-- Command line test -->
  </suite> <!-- Command line suite -->
</testng-results>
